<?xml version="1.0" encoding="UTF-8"?>
<!-- Generated by org.testng.reporters.JUnitReportReporter -->
<testsuite hostname="DESKTOP-AK0K9IC" failures="0" tests="1" name="base.Driverinitilization" time="21.543" errors="0" timestamp="2024-08-17T20:51:50 IST" skipped="0">
  <testcase classname="base.Driverinitilization" name="driverSetup" time="21.543"/>
  <system-out/>
</testsuite> <!-- base.Driverinitilization -->
